<?xml version="1.0" encoding="UTF-8"?>
<testng-results skipped="0" failed="0" ignored="0" total="1" passed="1">
  <reporter-output>
  </reporter-output>
  <suite name="Default suite" duration-ms="9763" started-at="2020-05-16T11:27:21Z" finished-at="2020-05-16T11:27:31Z">
    <groups>
    </groups>
    <test name="Default test" duration-ms="9763" started-at="2020-05-16T11:27:21Z" finished-at="2020-05-16T11:27:31Z">
      <class name="FirstPckg.WithGoogle">
        <test-method status="PASS" signature="browserOpening()[pri:0, instance:FirstPckg.WithGoogle@29774679]" name="browserOpening" duration-ms="9722" started-at="2020-05-16T11:27:21Z" finished-at="2020-05-16T11:27:31Z">
          <reporter-output>
          </reporter-output>
        </test-method> <!-- browserOpening -->
      </class> <!-- FirstPckg.WithGoogle -->
    </test> <!-- Default test -->
  </suite> <!-- Default suite -->
</testng-results>
